
*** Running vivado
    with args -log time_counter_top.vds -m64 -product Vivado -mode batch -messageDb vivado.pb -notrace -source time_counter_top.tcl


****** Vivado v2024.2 (64-bit)
  **** SW Build 5239630 on Fri Nov 08 22:34:34 MST 2024
  **** IP Build 5239520 on Sun Nov 10 16:12:51 MST 2024
  **** SharedData Build 5239561 on Fri Nov 08 14:39:27 MST 2024
  **** Start of session at: Sun Jun  1 15:53:31 2025
    ** Copyright 1986-2022 Xilinx, Inc. All Rights Reserved.
    ** Copyright 2022-2024 Advanced Micro Devices, Inc. All Rights Reserved.

source time_counter_top.tcl -notrace
Command: read_checkpoint -auto_incremental -incremental /home/radek/MINI/FPGA/FinalProj/FinalProj.srcs/utils_1/imports/synth_1/time_counter_top.dcp
INFO: [Vivado 12-5825] Read reference checkpoint from /home/radek/MINI/FPGA/FinalProj/FinalProj.srcs/utils_1/imports/synth_1/time_counter_top.dcp for incremental synthesis
INFO: [Vivado 12-7989] Please ensure there are no constraint changes
Command: synth_design -top time_counter_top -part xc7a35tcpg236-1
Starting synth_design
Attempting to get a license for feature 'Synthesis' and/or device 'xc7a35t'
INFO: [Common 17-349] Got license for feature 'Synthesis' and/or device 'xc7a35t'
INFO: [Device 21-403] Loading part xc7a35tcpg236-1
INFO: [Designutils 20-5440] No compile time benefit to using incremental synthesis; A full resynthesis will be run
INFO: [Designutils 20-4379] Flow is switching to default flow due to incremental criteria not met. If you would like to alter this behaviour and have the flow terminate instead, please set the following parameter config_implementation {autoIncr.Synth.RejectBehavior Terminate}
INFO: [Synth 8-7079] Multithreading enabled for synth_design using a maximum of 7 processes.
INFO: [Synth 8-7078] Launching helper process for spawning children vivado processes
INFO: [Synth 8-7075] Helper process launched with PID 636303
---------------------------------------------------------------------------------
Starting RTL Elaboration : Time (s): cpu = 00:00:05 ; elapsed = 00:00:05 . Memory (MB): peak = 1903.961 ; gain = 428.832 ; free physical = 872 ; free virtual = 5679
---------------------------------------------------------------------------------
INFO: [Synth 8-638] synthesizing module 'time_counter_top' [/home/radek/MINI/FPGA/time_counter_top.vhd:17]
INFO: [Synth 8-3491] module 'clock_divider' declared at '/home/radek/MINI/FPGA/clock_divider.vhd:6' bound to instance 'clk_div_inst' of component 'clock_divider' [/home/radek/MINI/FPGA/time_counter_top.vhd:77]
INFO: [Synth 8-638] synthesizing module 'clock_divider' [/home/radek/MINI/FPGA/clock_divider.vhd:15]
INFO: [Synth 8-256] done synthesizing module 'clock_divider' (0#1) [/home/radek/MINI/FPGA/clock_divider.vhd:15]
INFO: [Synth 8-3491] module 'button_debouncer' declared at '/home/radek/MINI/FPGA/button_debouncer.vhd:6' bound to instance 'debouncer_hours_up' of component 'button_debouncer' [/home/radek/MINI/FPGA/time_counter_top.vhd:86]
INFO: [Synth 8-638] synthesizing module 'button_debouncer' [/home/radek/MINI/FPGA/button_debouncer.vhd:14]
INFO: [Synth 8-256] done synthesizing module 'button_debouncer' (0#1) [/home/radek/MINI/FPGA/button_debouncer.vhd:14]
INFO: [Synth 8-3491] module 'button_debouncer' declared at '/home/radek/MINI/FPGA/button_debouncer.vhd:6' bound to instance 'debouncer_hours_down' of component 'button_debouncer' [/home/radek/MINI/FPGA/time_counter_top.vhd:93]
INFO: [Synth 8-3491] module 'button_debouncer' declared at '/home/radek/MINI/FPGA/button_debouncer.vhd:6' bound to instance 'debouncer_minutes_up' of component 'button_debouncer' [/home/radek/MINI/FPGA/time_counter_top.vhd:100]
INFO: [Synth 8-3491] module 'button_debouncer' declared at '/home/radek/MINI/FPGA/button_debouncer.vhd:6' bound to instance 'debouncer_minutes_down' of component 'button_debouncer' [/home/radek/MINI/FPGA/time_counter_top.vhd:107]
INFO: [Synth 8-3491] module 'button_debouncer' declared at '/home/radek/MINI/FPGA/button_debouncer.vhd:6' bound to instance 'debouncer_reset' of component 'button_debouncer' [/home/radek/MINI/FPGA/time_counter_top.vhd:114]
INFO: [Synth 8-3491] module 'time_counter' declared at '/home/radek/MINI/FPGA/time_counter.vhd:6' bound to instance 'time_counter_inst' of component 'time_counter' [/home/radek/MINI/FPGA/time_counter_top.vhd:122]
INFO: [Synth 8-638] synthesizing module 'time_counter' [/home/radek/MINI/FPGA/time_counter.vhd:19]
INFO: [Synth 8-256] done synthesizing module 'time_counter' (0#1) [/home/radek/MINI/FPGA/time_counter.vhd:19]
INFO: [Synth 8-3491] module 'seven_segment_display' declared at '/home/radek/MINI/FPGA/seven_segment_display.vhd:6' bound to instance 'seven_seg_inst' of component 'seven_segment_display' [/home/radek/MINI/FPGA/time_counter_top.vhd:135]
INFO: [Synth 8-638] synthesizing module 'seven_segment_display' [/home/radek/MINI/FPGA/seven_segment_display.vhd:16]
INFO: [Synth 8-226] default block is never used [/home/radek/MINI/FPGA/seven_segment_display.vhd:56]
INFO: [Synth 8-256] done synthesizing module 'seven_segment_display' (0#1) [/home/radek/MINI/FPGA/seven_segment_display.vhd:16]
INFO: [Synth 8-256] done synthesizing module 'time_counter_top' (0#1) [/home/radek/MINI/FPGA/time_counter_top.vhd:17]
WARNING: [Synth 8-3917] design time_counter_top has port LED[15] driven by constant 0
WARNING: [Synth 8-3917] design time_counter_top has port LED[14] driven by constant 0
WARNING: [Synth 8-3917] design time_counter_top has port LED[7] driven by constant 0
WARNING: [Synth 8-7129] Port SW[15] in module time_counter_top is either unconnected or has no load
WARNING: [Synth 8-7129] Port SW[14] in module time_counter_top is either unconnected or has no load
WARNING: [Synth 8-7129] Port SW[13] in module time_counter_top is either unconnected or has no load
WARNING: [Synth 8-7129] Port SW[12] in module time_counter_top is either unconnected or has no load
WARNING: [Synth 8-7129] Port SW[11] in module time_counter_top is either unconnected or has no load
WARNING: [Synth 8-7129] Port SW[10] in module time_counter_top is either unconnected or has no load
WARNING: [Synth 8-7129] Port SW[9] in module time_counter_top is either unconnected or has no load
WARNING: [Synth 8-7129] Port SW[8] in module time_counter_top is either unconnected or has no load
WARNING: [Synth 8-7129] Port SW[7] in module time_counter_top is either unconnected or has no load
WARNING: [Synth 8-7129] Port SW[6] in module time_counter_top is either unconnected or has no load
WARNING: [Synth 8-7129] Port SW[5] in module time_counter_top is either unconnected or has no load
WARNING: [Synth 8-7129] Port SW[4] in module time_counter_top is either unconnected or has no load
WARNING: [Synth 8-7129] Port SW[3] in module time_counter_top is either unconnected or has no load
WARNING: [Synth 8-7129] Port SW[2] in module time_counter_top is either unconnected or has no load
WARNING: [Synth 8-7129] Port SW[1] in module time_counter_top is either unconnected or has no load
WARNING: [Synth 8-7129] Port SW[0] in module time_counter_top is either unconnected or has no load
---------------------------------------------------------------------------------
Finished RTL Elaboration : Time (s): cpu = 00:00:06 ; elapsed = 00:00:07 . Memory (MB): peak = 1975.898 ; gain = 500.770 ; free physical = 688 ; free virtual = 5602
---------------------------------------------------------------------------------
---------------------------------------------------------------------------------
Start Handling Custom Attributes
---------------------------------------------------------------------------------
---------------------------------------------------------------------------------
Finished Handling Custom Attributes : Time (s): cpu = 00:00:07 ; elapsed = 00:00:07 . Memory (MB): peak = 1993.711 ; gain = 518.582 ; free physical = 688 ; free virtual = 5602
---------------------------------------------------------------------------------
---------------------------------------------------------------------------------
Finished RTL Optimization Phase 1 : Time (s): cpu = 00:00:07 ; elapsed = 00:00:07 . Memory (MB): peak = 1993.711 ; gain = 518.582 ; free physical = 688 ; free virtual = 5602
---------------------------------------------------------------------------------
Netlist sorting complete. Time (s): cpu = 00:00:00 ; elapsed = 00:00:00 . Memory (MB): peak = 1993.711 ; gain = 0.000 ; free physical = 688 ; free virtual = 5602
INFO: [Project 1-570] Preparing netlist for logic optimization

Processing XDC Constraints
Initializing timing engine
Parsing XDC File [/home/radek/Downloads/Basys3_Master.xdc]
Finished Parsing XDC File [/home/radek/Downloads/Basys3_Master.xdc]
INFO: [Project 1-236] Implementation specific constraints were found while reading constraint file [/home/radek/Downloads/Basys3_Master.xdc]. These constraints will be ignored for synthesis but will be used in implementation. Impacted constraints are listed in the file [.Xil/time_counter_top_propImpl.xdc].
Resolution: To avoid this warning, move constraints listed in [.Xil/time_counter_top_propImpl.xdc] to another XDC file and exclude this new file from synthesis with the used_in_synthesis property (File Properties dialog in GUI) and re-run elaboration/synthesis.
Completed Processing XDC Constraints

Netlist sorting complete. Time (s): cpu = 00:00:00 ; elapsed = 00:00:00 . Memory (MB): peak = 2143.461 ; gain = 0.000 ; free physical = 568 ; free virtual = 5645
INFO: [Project 1-111] Unisim Transformation Summary:
No Unisim elements were transformed.

Constraint Validation Runtime : Time (s): cpu = 00:00:00 ; elapsed = 00:00:00 . Memory (MB): peak = 2143.461 ; gain = 0.000 ; free physical = 568 ; free virtual = 5645
INFO: [Designutils 20-5440] No compile time benefit to using incremental synthesis; A full resynthesis will be run
INFO: [Designutils 20-4379] Flow is switching to default flow due to incremental criteria not met. If you would like to alter this behaviour and have the flow terminate instead, please set the following parameter config_implementation {autoIncr.Synth.RejectBehavior Terminate}
---------------------------------------------------------------------------------
Finished Constraint Validation : Time (s): cpu = 00:00:13 ; elapsed = 00:00:13 . Memory (MB): peak = 2143.461 ; gain = 668.332 ; free physical = 904 ; free virtual = 5664
---------------------------------------------------------------------------------
---------------------------------------------------------------------------------
Start Loading Part and Timing Information
---------------------------------------------------------------------------------
Loading part: xc7a35tcpg236-1
---------------------------------------------------------------------------------
Finished Loading Part and Timing Information : Time (s): cpu = 00:00:13 ; elapsed = 00:00:13 . Memory (MB): peak = 2151.465 ; gain = 676.336 ; free physical = 904 ; free virtual = 5664
---------------------------------------------------------------------------------
---------------------------------------------------------------------------------
Start Applying 'set_property' XDC Constraints
---------------------------------------------------------------------------------
---------------------------------------------------------------------------------
Finished applying 'set_property' XDC Constraints : Time (s): cpu = 00:00:13 ; elapsed = 00:00:13 . Memory (MB): peak = 2151.465 ; gain = 676.336 ; free physical = 903 ; free virtual = 5664
---------------------------------------------------------------------------------
---------------------------------------------------------------------------------
Finished RTL Optimization Phase 2 : Time (s): cpu = 00:00:13 ; elapsed = 00:00:13 . Memory (MB): peak = 2151.465 ; gain = 676.336 ; free physical = 901 ; free virtual = 5663
---------------------------------------------------------------------------------
---------------------------------------------------------------------------------
Start RTL Component Statistics 
---------------------------------------------------------------------------------
Detailed RTL Component Info : 
+---Adders : 
	   2 Input   27 Bit       Adders := 1     
	   2 Input   20 Bit       Adders := 1     
	   2 Input   17 Bit       Adders := 1     
	   2 Input    8 Bit       Adders := 1     
	   2 Input    6 Bit       Adders := 3     
	   2 Input    5 Bit       Adders := 7     
	   2 Input    2 Bit       Adders := 1     
+---Registers : 
	               27 Bit    Registers := 1     
	               20 Bit    Registers := 1     
	               17 Bit    Registers := 1     
	                8 Bit    Registers := 1     
	                6 Bit    Registers := 2     
	                5 Bit    Registers := 6     
	                3 Bit    Registers := 5     
	                2 Bit    Registers := 1     
	                1 Bit    Registers := 12    
+---Muxes : 
	   2 Input    6 Bit        Muxes := 5     
	   2 Input    5 Bit        Muxes := 6     
	   4 Input    4 Bit        Muxes := 2     
	   2 Input    1 Bit        Muxes := 17    
---------------------------------------------------------------------------------
Finished RTL Component Statistics 
---------------------------------------------------------------------------------
---------------------------------------------------------------------------------
Start Part Resource Summary
---------------------------------------------------------------------------------
Part Resources:
DSPs: 90 (col length:60)
BRAMs: 100 (col length: RAMB18 60 RAMB36 30)
---------------------------------------------------------------------------------
Finished Part Resource Summary
---------------------------------------------------------------------------------
---------------------------------------------------------------------------------
Start Cross Boundary and Area Optimization
---------------------------------------------------------------------------------
WARNING: [Synth 8-7080] Parallel synthesis criteria is not met
WARNING: [Synth 8-3917] design time_counter_top has port LED[15] driven by constant 0
WARNING: [Synth 8-3917] design time_counter_top has port LED[14] driven by constant 0
WARNING: [Synth 8-3917] design time_counter_top has port LED[7] driven by constant 0
WARNING: [Synth 8-7129] Port SW[15] in module time_counter_top is either unconnected or has no load
WARNING: [Synth 8-7129] Port SW[14] in module time_counter_top is either unconnected or has no load
WARNING: [Synth 8-7129] Port SW[13] in module time_counter_top is either unconnected or has no load
WARNING: [Synth 8-7129] Port SW[12] in module time_counter_top is either unconnected or has no load
WARNING: [Synth 8-7129] Port SW[11] in module time_counter_top is either unconnected or has no load
WARNING: [Synth 8-7129] Port SW[10] in module time_counter_top is either unconnected or has no load
WARNING: [Synth 8-7129] Port SW[9] in module time_counter_top is either unconnected or has no load
WARNING: [Synth 8-7129] Port SW[8] in module time_counter_top is either unconnected or has no load
WARNING: [Synth 8-7129] Port SW[7] in module time_counter_top is either unconnected or has no load
WARNING: [Synth 8-7129] Port SW[6] in module time_counter_top is either unconnected or has no load
WARNING: [Synth 8-7129] Port SW[5] in module time_counter_top is either unconnected or has no load
WARNING: [Synth 8-7129] Port SW[4] in module time_counter_top is either unconnected or has no load
WARNING: [Synth 8-7129] Port SW[3] in module time_counter_top is either unconnected or has no load
WARNING: [Synth 8-7129] Port SW[2] in module time_counter_top is either unconnected or has no load
WARNING: [Synth 8-7129] Port SW[1] in module time_counter_top is either unconnected or has no load
WARNING: [Synth 8-7129] Port SW[0] in module time_counter_top is either unconnected or has no load
---------------------------------------------------------------------------------
Finished Cross Boundary and Area Optimization : Time (s): cpu = 00:00:17 ; elapsed = 00:00:17 . Memory (MB): peak = 2151.465 ; gain = 676.336 ; free physical = 288 ; free virtual = 5518
---------------------------------------------------------------------------------
---------------------------------------------------------------------------------
Start Applying XDC Timing Constraints
---------------------------------------------------------------------------------
---------------------------------------------------------------------------------
Finished Applying XDC Timing Constraints : Time (s): cpu = 00:00:22 ; elapsed = 00:00:22 . Memory (MB): peak = 2168.465 ; gain = 693.336 ; free physical = 607 ; free virtual = 5534
---------------------------------------------------------------------------------
---------------------------------------------------------------------------------
Start Timing Optimization
---------------------------------------------------------------------------------
---------------------------------------------------------------------------------
Finished Timing Optimization : Time (s): cpu = 00:00:22 ; elapsed = 00:00:22 . Memory (MB): peak = 2187.496 ; gain = 712.367 ; free physical = 591 ; free virtual = 5518
---------------------------------------------------------------------------------
---------------------------------------------------------------------------------
Start Technology Mapping
---------------------------------------------------------------------------------
---------------------------------------------------------------------------------
Finished Technology Mapping : Time (s): cpu = 00:00:22 ; elapsed = 00:00:22 . Memory (MB): peak = 2187.496 ; gain = 712.367 ; free physical = 591 ; free virtual = 5518
---------------------------------------------------------------------------------
---------------------------------------------------------------------------------
Start IO Insertion
---------------------------------------------------------------------------------
---------------------------------------------------------------------------------
Start Flattening Before IO Insertion
---------------------------------------------------------------------------------
---------------------------------------------------------------------------------
Finished Flattening Before IO Insertion
---------------------------------------------------------------------------------
---------------------------------------------------------------------------------
Start Final Netlist Cleanup
---------------------------------------------------------------------------------
---------------------------------------------------------------------------------
Finished Final Netlist Cleanup
---------------------------------------------------------------------------------
---------------------------------------------------------------------------------
Finished IO Insertion : Time (s): cpu = 00:00:26 ; elapsed = 00:00:26 . Memory (MB): peak = 2349.309 ; gain = 874.180 ; free physical = 378 ; free virtual = 5365
---------------------------------------------------------------------------------
---------------------------------------------------------------------------------
Start Renaming Generated Instances
---------------------------------------------------------------------------------
---------------------------------------------------------------------------------
Finished Renaming Generated Instances : Time (s): cpu = 00:00:26 ; elapsed = 00:00:26 . Memory (MB): peak = 2349.309 ; gain = 874.180 ; free physical = 378 ; free virtual = 5365
---------------------------------------------------------------------------------
---------------------------------------------------------------------------------
Start Rebuilding User Hierarchy
---------------------------------------------------------------------------------
---------------------------------------------------------------------------------
Finished Rebuilding User Hierarchy : Time (s): cpu = 00:00:26 ; elapsed = 00:00:26 . Memory (MB): peak = 2349.309 ; gain = 874.180 ; free physical = 376 ; free virtual = 5363
---------------------------------------------------------------------------------
---------------------------------------------------------------------------------
Start Renaming Generated Ports
---------------------------------------------------------------------------------
---------------------------------------------------------------------------------
Finished Renaming Generated Ports : Time (s): cpu = 00:00:26 ; elapsed = 00:00:26 . Memory (MB): peak = 2349.309 ; gain = 874.180 ; free physical = 376 ; free virtual = 5363
---------------------------------------------------------------------------------
---------------------------------------------------------------------------------
Start Handling Custom Attributes
---------------------------------------------------------------------------------
---------------------------------------------------------------------------------
Finished Handling Custom Attributes : Time (s): cpu = 00:00:26 ; elapsed = 00:00:26 . Memory (MB): peak = 2349.309 ; gain = 874.180 ; free physical = 376 ; free virtual = 5363
---------------------------------------------------------------------------------
---------------------------------------------------------------------------------
Start Renaming Generated Nets
---------------------------------------------------------------------------------
---------------------------------------------------------------------------------
Finished Renaming Generated Nets : Time (s): cpu = 00:00:26 ; elapsed = 00:00:26 . Memory (MB): peak = 2349.309 ; gain = 874.180 ; free physical = 376 ; free virtual = 5363
---------------------------------------------------------------------------------
---------------------------------------------------------------------------------
Start Writing Synthesis Report
---------------------------------------------------------------------------------

Report BlackBoxes: 
+-+--------------+----------+
| |BlackBox name |Instances |
+-+--------------+----------+
+-+--------------+----------+

Report Cell Usage: 
+------+-------+------+
|      |Cell   |Count |
+------+-------+------+
|1     |BUFG   |     2|
|2     |CARRY4 |    16|
|3     |LUT1   |    13|
|4     |LUT2   |    20|
|5     |LUT3   |    11|
|6     |LUT4   |    38|
|7     |LUT5   |    25|
|8     |LUT6   |    29|
|9     |MUXF7  |     2|
|10    |FDRE   |   143|
|11    |IBUF   |     6|
|12    |OBUF   |    28|
+------+-------+------+
---------------------------------------------------------------------------------
Finished Writing Synthesis Report : Time (s): cpu = 00:00:26 ; elapsed = 00:00:26 . Memory (MB): peak = 2349.309 ; gain = 874.180 ; free physical = 376 ; free virtual = 5363
---------------------------------------------------------------------------------
Synthesis finished with 0 errors, 0 critical warnings and 20 warnings.
Synthesis Optimization Runtime : Time (s): cpu = 00:00:24 ; elapsed = 00:00:25 . Memory (MB): peak = 2349.309 ; gain = 724.430 ; free physical = 376 ; free virtual = 5363
Synthesis Optimization Complete : Time (s): cpu = 00:00:26 ; elapsed = 00:00:26 . Memory (MB): peak = 2349.316 ; gain = 874.180 ; free physical = 376 ; free virtual = 5363
INFO: [Project 1-571] Translating synthesized netlist
Netlist sorting complete. Time (s): cpu = 00:00:00 ; elapsed = 00:00:00.01 . Memory (MB): peak = 2349.316 ; gain = 0.000 ; free physical = 376 ; free virtual = 5363
INFO: [Netlist 29-17] Analyzing 18 Unisim elements for replacement
INFO: [Netlist 29-28] Unisim Transformation completed in 0 CPU seconds
INFO: [Project 1-570] Preparing netlist for logic optimization
INFO: [Opt 31-138] Pushed 0 inverter(s) to 0 load pin(s).
Netlist sorting complete. Time (s): cpu = 00:00:00 ; elapsed = 00:00:00 . Memory (MB): peak = 2405.336 ; gain = 0.000 ; free physical = 512 ; free virtual = 5443
INFO: [Project 1-111] Unisim Transformation Summary:
No Unisim elements were transformed.

Synth Design complete | Checksum: 722677a2
INFO: [Common 17-83] Releasing license: Synthesis
40 Infos, 39 Warnings, 0 Critical Warnings and 0 Errors encountered.
synth_design completed successfully
synth_design: Time (s): cpu = 00:00:35 ; elapsed = 00:00:32 . Memory (MB): peak = 2405.336 ; gain = 961.895 ; free physical = 511 ; free virtual = 5442
INFO: [Common 17-2834] synth_design peak Physical Memory [PSS] (MB): overall = 1516.761; main = 1516.761; forked = 262.035
INFO: [Common 17-2834] synth_design peak Virtual Memory [VSS] (MB): overall = 3093.859; main = 2405.340; forked = 942.391
Write ShapeDB Complete: Time (s): cpu = 00:00:00.01 ; elapsed = 00:00:00 . Memory (MB): peak = 2429.348 ; gain = 0.000 ; free physical = 510 ; free virtual = 5441
INFO: [Common 17-1381] The checkpoint '/home/radek/MINI/FPGA/FinalProj/FinalProj.runs/synth_1/time_counter_top.dcp' has been generated.
INFO: [Vivado 12-24828] Executing command : report_utilization -file time_counter_top_utilization_synth.rpt -pb time_counter_top_utilization_synth.pb
INFO: [Common 17-206] Exiting Vivado at Sun Jun  1 15:54:07 2025...
